Crashlog created at 2013-01-01 13:09:33 -0800

=== MESSAGE:

ArgumentError:  is not a recognized storage provider

=== COMPILATION STACK:

  (empty)

=== BACKTRACE:

  0. /Users/whoaa512/.rvm/gems/ruby-1.9.3-p327/gems/fog-1.8.0/lib/fog/storage.rb:36:in `new'
  1. /Users/whoaa512/.rvm/gems/ruby-1.9.3-p327/gems/nanoc-3.4.3/lib/nanoc/extra/deployers/fog.rb:43:in `run'
  2. /Users/whoaa512/.rvm/gems/ruby-1.9.3-p327/gems/nanoc-3.4.3/lib/nanoc/cli/commands/deploy.rb:65:in `run'
  3. /Users/whoaa512/.rvm/gems/ruby-1.9.3-p327/gems/nanoc-3.4.3/lib/nanoc/cli/command_runner.rb:14:in `block in call'
  4. /Users/whoaa512/.rvm/gems/ruby-1.9.3-p327/gems/nanoc-3.4.3/lib/nanoc/cli/error_handler.rb:63:in `handle_while'
  5. /Users/whoaa512/.rvm/gems/ruby-1.9.3-p327/gems/nanoc-3.4.3/lib/nanoc/cli/error_handler.rb:26:in `handle_while'
  6. /Users/whoaa512/.rvm/gems/ruby-1.9.3-p327/gems/nanoc-3.4.3/lib/nanoc/cli/command_runner.rb:13:in `call'
  7. /Users/whoaa512/.rvm/gems/ruby-1.9.3-p327/gems/cri-2.3.0/lib/cri/command_dsl.rb:185:in `block in runner'
  8. /Users/whoaa512/.rvm/gems/ruby-1.9.3-p327/gems/cri-2.3.0/lib/cri/command.rb:296:in `call'
  9. /Users/whoaa512/.rvm/gems/ruby-1.9.3-p327/gems/cri-2.3.0/lib/cri/command.rb:296:in `run_this'
  10. /Users/whoaa512/.rvm/gems/ruby-1.9.3-p327/gems/cri-2.3.0/lib/cri/command.rb:249:in `run'
  11. /Users/whoaa512/.rvm/gems/ruby-1.9.3-p327/gems/cri-2.3.0/lib/cri/command.rb:262:in `run'
  12. /Users/whoaa512/.rvm/gems/ruby-1.9.3-p327/gems/nanoc-3.4.3/lib/nanoc/cli.rb:52:in `block in run'
  13. /Users/whoaa512/.rvm/gems/ruby-1.9.3-p327/gems/nanoc-3.4.3/lib/nanoc/cli/error_handler.rb:63:in `handle_while'
  14. /Users/whoaa512/.rvm/gems/ruby-1.9.3-p327/gems/nanoc-3.4.3/lib/nanoc/cli/error_handler.rb:26:in `handle_while'
  15. /Users/whoaa512/.rvm/gems/ruby-1.9.3-p327/gems/nanoc-3.4.3/lib/nanoc/cli.rb:50:in `run'
  16. /Users/whoaa512/.rvm/gems/ruby-1.9.3-p327/gems/nanoc-3.4.3/bin/nanoc:19:in `<top (required)>'
  17. /Users/whoaa512/.rvm/gems/ruby-1.9.3-p327/bin/nanoc:19:in `load'
  18. /Users/whoaa512/.rvm/gems/ruby-1.9.3-p327/bin/nanoc:19:in `<main>'
  19. /Users/whoaa512/.rvm/gems/ruby-1.9.3-p327/bin/ruby_noexec_wrapper:14:in `eval'
  20. /Users/whoaa512/.rvm/gems/ruby-1.9.3-p327/bin/ruby_noexec_wrapper:14:in `<main>'

=== VERSION INFORMATION:

nanoc 3.4.3 © 2007-2012 Denis Defreyne.
Running ruby 1.9.3 (2012-11-10) on x86_64-darwin11.4.0 with RubyGems 1.8.24.

=== SYSTEM INFORMATION:

Darwin Careys-MacBook-Pro.local 11.4.0 Darwin Kernel Version 11.4.0: Mon Apr  9 19:32:15 PDT 2012; root:xnu-1699.26.8~1/RELEASE_X86_64 x86_64

=== INSTALLED GEMS:

  RedCloth 4.2.9
  actionmailer 3.2.9
  actionpack 3.2.9
  activemodel 3.2.9
  activerecord 3.2.9
  activeresource 3.2.9
  activesupport 3.2.9
  adsf 1.1.1
  arel 3.0.2
  builder 3.0.4
  bundler 1.2.3
  coffee-rails 3.2.2
  coffee-script 2.2.0
  coffee-script-source 1.4.0
  colored 1.2
  cri 2.3.0
  daemons 1.1.9
  draper 0.18.0
  erubis 2.7.0
  eventmachine 1.0.0
  excon 0.16.10
  execjs 1.4.0
  faraday 0.8.4
  fog 1.8.0
  formatador 0.2.4
  gemedit 1.0.1
  hike 1.2.1
  i18n 0.6.1
  journey 1.0.4
  jquery-rails 2.1.4
  json 1.7.5
  kramdown 0.14.1
  mail 2.4.4
  mime-types 1.19
  multi_json 1.4.0
  multipart-post 1.1.5
  mustache 0.99.4
  nanoc 3.4.2, 3.4.3
  net-scp 1.0.4
  net-ssh 2.6.2
  nokogiri 1.5.5
  pg 0.14.1
  polyglot 0.3.3
  racc 1.4.9
  rack 1.4.1
  rack-cache 1.2
  rack-protection 1.2.0
  rack-ssl 1.3.2
  rack-test 0.6.2
  rails 3.2.9
  railties 3.2.9
  rake 10.0.2
  rdoc 3.12
  rexical 1.0.5
  ruby-hmac 0.4.0
  rubygems-bundler 1.1.0
  rvm 1.11.3.5
  sass 3.2.3
  sass-rails 3.2.5
  simple_oauth 0.2.0
  sinatra 1.3.3
  slim 1.3.4
  sprockets 2.2.2
  sqlite3 1.3.6
  systemu 2.5.2
  temple 0.5.5
  thin 1.5.0
  thor 0.16.0
  tilt 1.3.3
  treetop 1.4.12
  twitter 4.4.2
  tzinfo 0.3.35
  uglifier 1.3.0

=== ENVIRONMENT:

Apple_PubSub_Socket_Render => "/tmp/launch-m4F6zr/Render"
Apple_Ubiquity_Message => "/tmp/launch-wMHEVW/Apple_Ubiquity_Message"
CLICOLOR => "1"
COMMAND_MODE => "unix2003"
DISPLAY => "/tmp/launch-NUalj7/org.x:0"
EDITOR => "subl"
GEM_HOME => "/Users/whoaa512/.rvm/gems/ruby-1.9.3-p327"
GEM_PATH => "/Users/whoaa512/.rvm/gems/ruby-1.9.3-p327:/Users/whoaa512/.rvm/gems/ruby-1.9.3-p327@global"
GREP_OPTIONS => "--color=auto"
HISTSIZE => "20000"
HOME => "/Users/whoaa512"
IRBRC => "/Users/whoaa512/.rvm/rubies/ruby-1.9.3-p327/.irbrc"
LANG => "en_US.UTF-8"
LOGNAME => "whoaa512"
MY_RUBY_HOME => "/Users/whoaa512/.rvm/rubies/ruby-1.9.3-p327"
OLDPWD => "/Users/whoaa512"
PATH => "/Users/whoaa512/.rvm/gems/ruby-1.9.3-p327/bin:/Users/whoaa512/.rvm/gems/ruby-1.9.3-p327@global/bin:/Users/whoaa512/.rvm/rubies/ruby-1.9.3-p327/bin:/Users/whoaa512/.rvm/bin:/usr/local/share/npm/bin:/usr/local/bin:/usr/local/sbin:~/bin:/usr/bin:/bin:/usr/sbin:/sbin:/usr/local/bin:/usr/X11/bin:/usr/local/git/bin"
PWD => "/Users/whoaa512/code learning/cata-student-dir"
RUBY_VERSION => "ruby-1.9.3-p327"
SECURITYSESSIONID => "186a5"
SHELL => "/bin/bash"
SHLVL => "1"
SSH_AUTH_SOCK => "/tmp/launch-VTNFtp/Listeners"
TERM => "xterm-256color"
TERM_PROGRAM => "Apple_Terminal"
TERM_PROGRAM_VERSION => "303.2"
TERM_SESSION_ID => "78815B4F-0B93-4BEB-9F00-961CBCA57AA4"
TMPDIR => "/var/folders/rq/68yqsqh51hsf18z6f9b95dr00000gn/T/"
USER => "whoaa512"
_ => "/Users/whoaa512/.rvm/gems/ruby-1.9.3-p327/bin/nanoc"
_ORIGINAL_GEM_PATH => "/Users/whoaa512/.rvm/gems/ruby-1.9.3-p327:/Users/whoaa512/.rvm/gems/ruby-1.9.3-p327@global"
__CF_USER_TEXT_ENCODING => "0x1F5:0:0"
__array_start => "0"
_first => "0"
_second => "1"
escape_flag => "1"
rvm_bin_path => "/Users/whoaa512/.rvm/bin"
rvm_path => "/Users/whoaa512/.rvm"
rvm_prefix => "/Users/whoaa512"
rvm_version => "1.17.0 (stable)"

=== $LOAD_PATH:

  0. /Users/whoaa512/.rvm/gems/ruby-1.9.3-p327/gems/nanoc-3.4.3/lib
  1. /Users/whoaa512/.rvm/gems/ruby-1.9.3-p327@global/gems/rubygems-bundler-1.1.0/lib
  2. /Users/whoaa512/.rvm/gems/ruby-1.9.3-p327@global/gems/bundler-1.2.3/lib
  3. /Users/whoaa512/.rvm/gems/ruby-1.9.3-p327/gems/colored-1.2/lib
  4. /Users/whoaa512/.rvm/gems/ruby-1.9.3-p327/gems/cri-2.3.0/lib
  5. /Users/whoaa512/.rvm/gems/ruby-1.9.3-p327/gems/nanoc-3.4.3/lib
  6. /Users/whoaa512/.rvm/gems/ruby-1.9.3-p327/gems/builder-3.0.4/lib
  7. /Users/whoaa512/.rvm/gems/ruby-1.9.3-p327/gems/excon-0.16.10/lib
  8. /Users/whoaa512/.rvm/gems/ruby-1.9.3-p327/gems/formatador-0.2.4/lib
  9. /Users/whoaa512/.rvm/gems/ruby-1.9.3-p327/gems/multi_json-1.4.0/lib
  10. /Users/whoaa512/.rvm/gems/ruby-1.9.3-p327/gems/mime-types-1.19/lib
  11. /Users/whoaa512/.rvm/gems/ruby-1.9.3-p327/gems/net-ssh-2.6.2/lib
  12. /Users/whoaa512/.rvm/gems/ruby-1.9.3-p327/gems/net-scp-1.0.4/lib
  13. /Users/whoaa512/.rvm/gems/ruby-1.9.3-p327/gems/nokogiri-1.5.5/lib
  14. /Users/whoaa512/.rvm/gems/ruby-1.9.3-p327/gems/ruby-hmac-0.4.0/lib
  15. /Users/whoaa512/.rvm/gems/ruby-1.9.3-p327/gems/fog-1.8.0/lib
  16. /Users/whoaa512/.rvm/rubies/ruby-1.9.3-p327/lib/ruby/site_ruby/1.9.1
  17. /Users/whoaa512/.rvm/rubies/ruby-1.9.3-p327/lib/ruby/site_ruby/1.9.1/x86_64-darwin11.4.0
  18. /Users/whoaa512/.rvm/rubies/ruby-1.9.3-p327/lib/ruby/site_ruby
  19. /Users/whoaa512/.rvm/rubies/ruby-1.9.3-p327/lib/ruby/vendor_ruby/1.9.1
  20. /Users/whoaa512/.rvm/rubies/ruby-1.9.3-p327/lib/ruby/vendor_ruby/1.9.1/x86_64-darwin11.4.0
  21. /Users/whoaa512/.rvm/rubies/ruby-1.9.3-p327/lib/ruby/vendor_ruby
  22. /Users/whoaa512/.rvm/rubies/ruby-1.9.3-p327/lib/ruby/1.9.1
  23. /Users/whoaa512/.rvm/rubies/ruby-1.9.3-p327/lib/ruby/1.9.1/x86_64-darwin11.4.0
